19:02:40 **** Incremental Build of configuration Debug for project project2 ****
make all 
Building file: ../main.c
Invoking: AVR Compiler
avr-gcc -Wall -g2 -gstabs -O0 -fpack-struct -fshort-enums -ffunction-sections -fdata-sections -std=gnu99 -funsigned-char -funsigned-bitfields -mmcu=atmega32 -DF_CPU=1000000UL -MMD -MP -MF"main.d" -MT"main.o" -c -o "main.o" "../main.c"
In file included from ../main.c:3:
c:/winavr-20100110/lib/gcc/../../avr/include/util/delay.h:90:3: warning: #warning "Compiler optimizations disabled; functions from <util/delay.h> won't work as designed"
../main.c:93: warning: return type of 'main' is not 'int'
Finished building: ../main.c
 
Building target: project2.elf
Invoking: AVR C Linker
avr-gcc -Wl,-Map,project2.map -mmcu=atmega32 -o "project2.elf"  ./main.o   
Finished building target: project2.elf
 
Invoking: AVR Create Extended Listing
avr-objdump -h -S project2.elf  >"project2.lss"
Finished building: project2.lss
 
Invoking: Print Size
avr-size --format=avr --mcu=atmega32 project2.elf
AVR Memory Usage
----------------
Device: atmega32

Program:    5438 bytes (16.6% Full)
(.text + .data + .bootloader)

Data:         14 bytes (0.7% Full)
(.data + .bss + .noinit)


Finished building: sizedummy
 

19:02:41 Build Finished. 0 errors, 2 warnings. (took 450ms)

